<?xml version="1.0" encoding="UTF-8"?>
<testng-results ignored="0" total="1" passed="0" failed="1" skipped="0">
  <reporter-output>
  </reporter-output>
  <suite started-at="2025-03-30T13:40:20 IST" name="Default suite" finished-at="2025-03-30T13:40:48 IST" duration-ms="28151">
    <groups>
      <group name="cucumber">
        <method signature="AbstractTestNGCucumberTests.runScenario(io.cucumber.testng.PickleWrapper,io.cucumber.testng.FeatureWrapper)[pri:0, instance:runner.loginrunner@79e4c792]" name="runScenario" class="io.cucumber.testng.AbstractTestNGCucumberTests"/>
      </group> <!-- cucumber -->
    </groups>
    <test started-at="2025-03-30T13:40:20 IST" name="Default test" finished-at="2025-03-30T13:40:48 IST" duration-ms="28151">
      <class name="runner.loginrunner">
        <test-method is-config="true" signature="setUpClass(org.testng.ITestContext)[pri:0, instance:runner.loginrunner@79e4c792]" started-at="2025-03-30T13:40:20 IST" name="setUpClass" finished-at="2025-03-30T13:40:20 IST" duration-ms="576" status="PASS">
          <params>
            <param index="0">
              <value>
                <![CDATA[org.testng.TestRunner@1d6d1d42]]>
              </value>
            </param>
          </params>
          <reporter-output>
          </reporter-output>
        </test-method> <!-- setUpClass -->
        <test-method signature="runScenario(io.cucumber.testng.PickleWrapper,io.cucumber.testng.FeatureWrapper)[pri:0, instance:runner.loginrunner@79e4c792]" started-at="2025-03-30T13:40:20 IST" name="runScenario" description="Runs Cucumber Scenarios" data-provider="scenarios" finished-at="2025-03-30T13:40:48 IST" duration-ms="27483" status="FAIL">
          <params>
            <param index="0">
              <value>
                <![CDATA["Verify the drag and drop"]]>
              </value>
            </param>
            <param index="1">
              <value>
                <![CDATA["Home page functionality"]]>
              </value>
            </param>
          </params>
          <exception class="org.openqa.selenium.UnsupportedCommandException">
            <message>
              <![CDATA[unknown command: unknown command: session/ba26ec2840f90669bd45ee448aaf7d65/touch/perform
Build info: version: '4.11.0', revision: '040bc5406b'
System info: os.name: 'Windows 11', os.arch: 'amd64', os.version: '10.0', java.version: '17.0.9'
Driver info: io.appium.java_client.android.AndroidDriver
Command: [8921b8a3-c611-49a3-aef9-4fca9bb7a196, performTouchAction {actions=[{action=press, options={x=81, y=223}}, {action=wait, options={ms=1000}}, {action=moveTo, options={x=238, y=335}}, {action=release, options={}}]}]
Capabilities {appium:automationName: UiAutomator2, appium:chromedriverExecutable: C:\Users\SHUBH\Jav_project\..., appium:databaseEnabled: false, appium:desired: {appActivity: com.android.chrome/com.goog..., appPackage: com.android.chrome, automationName: UiAutomator2, browserName: Chrome, chromedriverExecutable: C:\Users\SHUBH\Jav_project\..., deviceName: emulator-5554, platformName: ANDROID}, appium:deviceApiLevel: 35, appium:deviceManufacturer: Google, appium:deviceModel: sdk_gphone16k_x86_64, appium:deviceName: emulator-5554, appium:deviceScreenDensity: 420, appium:deviceScreenSize: 1080x2400, appium:deviceUDID: emulator-5554, appium:javascriptEnabled: true, appium:locationContextEnabled: false, appium:networkConnectionEnabled: true, appium:pixelRatio: 2.625, appium:platformVersion: 15, appium:statBarHeight: 128, appium:takesScreenshot: true, appium:viewportRect: {height: 2272, left: 0, top: 128, width: 1080}, appium:warnings: {}, appium:webStorageEnabled: false, browserName: Chrome, platformName: ANDROID}
Session ID: 8921b8a3-c611-49a3-aef9-4fca9bb7a196]]>
            </message>
            <full-stacktrace>
              <![CDATA[org.openqa.selenium.UnsupportedCommandException: unknown command: unknown command: session/ba26ec2840f90669bd45ee448aaf7d65/touch/perform
Build info: version: '4.11.0', revision: '040bc5406b'
System info: os.name: 'Windows 11', os.arch: 'amd64', os.version: '10.0', java.version: '17.0.9'
Driver info: io.appium.java_client.android.AndroidDriver
Command: [8921b8a3-c611-49a3-aef9-4fca9bb7a196, performTouchAction {actions=[{action=press, options={x=81, y=223}}, {action=wait, options={ms=1000}}, {action=moveTo, options={x=238, y=335}}, {action=release, options={}}]}]
Capabilities {appium:automationName: UiAutomator2, appium:chromedriverExecutable: C:\Users\SHUBH\Jav_project\..., appium:databaseEnabled: false, appium:desired: {appActivity: com.android.chrome/com.goog..., appPackage: com.android.chrome, automationName: UiAutomator2, browserName: Chrome, chromedriverExecutable: C:\Users\SHUBH\Jav_project\..., deviceName: emulator-5554, platformName: ANDROID}, appium:deviceApiLevel: 35, appium:deviceManufacturer: Google, appium:deviceModel: sdk_gphone16k_x86_64, appium:deviceName: emulator-5554, appium:deviceScreenDensity: 420, appium:deviceScreenSize: 1080x2400, appium:deviceUDID: emulator-5554, appium:javascriptEnabled: true, appium:locationContextEnabled: false, appium:networkConnectionEnabled: true, appium:pixelRatio: 2.625, appium:platformVersion: 15, appium:statBarHeight: 128, appium:takesScreenshot: true, appium:viewportRect: {height: 2272, left: 0, top: 128, width: 1080}, appium:warnings: {}, appium:webStorageEnabled: false, browserName: Chrome, platformName: ANDROID}
Session ID: 8921b8a3-c611-49a3-aef9-4fca9bb7a196
at java.base/jdk.internal.reflect.NativeConstructorAccessorImpl.newInstance0(Native Method)
at java.base/jdk.internal.reflect.NativeConstructorAccessorImpl.newInstance(NativeConstructorAccessorImpl.java:77)
at java.base/jdk.internal.reflect.DelegatingConstructorAccessorImpl.newInstance(DelegatingConstructorAccessorImpl.java:45)
at java.base/java.lang.reflect.Constructor.newInstanceWithCaller(Constructor.java:499)
at java.base/java.lang.reflect.Constructor.newInstance(Constructor.java:480)
at org.openqa.selenium.remote.codec.w3c.W3CHttpResponseCodec.createException(W3CHttpResponseCodec.java:200)
at org.openqa.selenium.remote.codec.w3c.W3CHttpResponseCodec.decode(W3CHttpResponseCodec.java:133)
at org.openqa.selenium.remote.codec.w3c.W3CHttpResponseCodec.decode(W3CHttpResponseCodec.java:52)
at org.openqa.selenium.remote.HttpCommandExecutor.execute(HttpCommandExecutor.java:191)
at io.appium.java_client.remote.AppiumCommandExecutor.execute(AppiumCommandExecutor.java:250)
at org.openqa.selenium.remote.RemoteWebDriver.execute(RemoteWebDriver.java:518)
at org.openqa.selenium.remote.RemoteWebDriver.execute(RemoteWebDriver.java:591)
at io.appium.java_client.AppiumDriver.execute(AppiumDriver.java:308)
at io.appium.java_client.PerformsTouchActions.performTouchAction(PerformsTouchActions.java:54)
at io.appium.java_client.TouchAction.perform(TouchAction.java:196)
at com.pages.Common.performMobileDragAndDrop(Common.java:176)
at com.pages.Common.dragAndDrop(Common.java:141)
at com.pages.HomePage.drag_and_drop_functionality(HomePage.java:55)
at Step_def.Homestepdef.drag_and_drop_functionality(Homestepdef.java:47)
at ✽.drag and drop functionality(file:///C:/Users/SHUBH/Jav_project/web_mobileAutomation/./src/test/resources/Features/Home.feature:15)
]]>
            </full-stacktrace>
          </exception> <!-- org.openqa.selenium.UnsupportedCommandException -->
          <reporter-output>
          </reporter-output>
        </test-method> <!-- runScenario -->
        <test-method is-config="true" signature="tearDownClass()[pri:0, instance:runner.loginrunner@79e4c792]" started-at="2025-03-30T13:40:48 IST" name="tearDownClass" finished-at="2025-03-30T13:40:48 IST" duration-ms="52" status="PASS">
          <reporter-output>
          </reporter-output>
        </test-method> <!-- tearDownClass -->
      </class> <!-- runner.loginrunner -->
    </test> <!-- Default test -->
  </suite> <!-- Default suite -->
</testng-results>
